# JRE version: OpenJDK Runtime Environment Corretto-16.0.2.7.1 (16.0.2+7) (build 16.0.2+7)
# Java VM: OpenJDK 64-Bit Server VM Corretto-16.0.2.7.1 (16.0.2+7, mixed mode, sharing, tiered, compressed oops, compressed class ptrs, g1 gc, windows-amd64)
GC Precious Log:
 CPUs: 12 total, 12 available
 Memory: 7750M
 Large Page Support: Disabled
 NUMA Support: Disabled
 Compressed Oops: Enabled (32-bit)
 Heap Region Size: 1M
 Heap Min Capacity: 256M
 Heap Initial Capacity: 256M
 Heap Max Capacity: 512M
 Pre-touch: Disabled
 Parallel Workers: 10
 Concurrent Workers: 3
 Concurrent Refinement Workers: 10
 Periodic GC: Disabled
Heap:
 garbage-first heap   total 262144K, used 38338K [0x00000000e0000000, 0x0000000100000000)
  region size 1024K, 23 young (23552K), 13 survivors (13312K)
 Metaspace       used 35690K, committed 36096K, reserved 245760K
  class space    used 4795K, committed 4992K, reserved 212992K
GC Heap History (12 events):
Event: 23.853 GC heap before
{Heap before GC invocations=0 (full 0):
 garbage-first heap   total 262144K, used 25600K [0x00000000e0000000, 0x0000000100000000)
  region size 1024K, 23 young (23552K), 0 survivors (0K)
 Metaspace       used 3217K, committed 3392K, reserved 221184K
  class space    used 382K, committed 448K, reserved 212992K
}
Event: 24.008 GC heap after
{Heap after GC invocations=1 (full 0):
 garbage-first heap   total 262144K, used 9462K [0x00000000e0000000, 0x0000000100000000)
  region size 1024K, 3 young (3072K), 3 survivors (3072K)
 Metaspace       used 3217K, committed 3392K, reserved 221184K
  class space    used 382K, committed 448K, reserved 212992K
}
Event: 80.774 GC heap before
{Heap before GC invocations=1 (full 0):
 garbage-first heap   total 262144K, used 35062K [0x00000000e0000000, 0x0000000100000000)
  region size 1024K, 28 young (28672K), 3 survivors (3072K)
 Metaspace       used 4125K, committed 4288K, reserved 221184K
  class space    used 477K, committed 576K, reserved 212992K
}
Event: 81.180 GC heap after
{Heap after GC invocations=2 (full 0):
 garbage-first heap   total 262144K, used 10305K [0x00000000e0000000, 0x0000000100000000)
  region size 1024K, 1 young (1024K), 1 survivors (1024K)
 Metaspace       used 4125K, committed 4288K, reserved 221184K
  class space    used 477K, committed 576K, reserved 212992K
}
Event: 102.386 GC heap before
{Heap before GC invocations=2 (full 0):
 garbage-first heap   total 262144K, used 43073K [0x00000000e0000000, 0x0000000100000000)
  region size 1024K, 33 young (33792K), 1 survivors (1024K)
 Metaspace       used 8415K, committed 8640K, reserved 221184K
  class space    used 1090K, committed 1216K, reserved 212992K
}
Event: 102.496 GC heap after
{Heap after GC invocations=3 (full 0):
 garbage-first heap   total 262144K, used 16530K [0x00000000e0000000, 0x0000000100000000)
  region size 1024K, 5 young (5120K), 5 survivors (5120K)
 Metaspace       used 8415K, committed 8640K, reserved 221184K
  class space    used 1090K, committed 1216K, reserved 212992K
}
Event: 104.418 GC heap before
{Heap before GC invocations=3 (full 0):
 garbage-first heap   total 262144K, used 49298K [0x00000000e0000000, 0x0000000100000000)
  region size 1024K, 37 young (37888K), 5 survivors (5120K)
 Metaspace       used 14596K, committed 14912K, reserved 229376K
  class space    used 2036K, committed 2176K, reserved 212992K
}
Event: 104.423 GC heap after
{Heap after GC invocations=4 (full 0):
 garbage-first heap   total 262144K, used 18635K [0x00000000e0000000, 0x0000000100000000)
  region size 1024K, 3 young (3072K), 3 survivors (3072K)
 Metaspace       used 14596K, committed 14912K, reserved 229376K
  class space    used 2036K, committed 2176K, reserved 212992K
}
Event: 106.868 GC heap before
{Heap before GC invocations=4 (full 0):
 garbage-first heap   total 262144K, used 60619K [0x00000000e0000000, 0x0000000100000000)
  region size 1024K, 45 young (46080K), 3 survivors (3072K)
 Metaspace       used 20949K, committed 21248K, reserved 237568K
  class space    used 3041K, committed 3200K, reserved 212992K
}
Event: 106.887 GC heap after
{Heap after GC invocations=5 (full 0):
 garbage-first heap   total 262144K, used 21067K [0x00000000e0000000, 0x0000000100000000)
  region size 1024K, 5 young (5120K), 5 survivors (5120K)
 Metaspace       used 20949K, committed 21248K, reserved 237568K
  class space    used 3041K, committed 3200K, reserved 212992K
}
Event: 124.499 GC heap before
{Heap before GC invocations=6 (full 0):
 garbage-first heap   total 262144K, used 119371K [0x00000000e0000000, 0x0000000100000000)
  region size 1024K, 100 young (102400K), 5 survivors (5120K)
 Metaspace       used 35195K, committed 35520K, reserved 245760K
  class space    used 4737K, committed 4928K, reserved 212992K
}
Event: 124.692 GC heap after
{Heap after GC invocations=7 (full 0):
 garbage-first heap   total 262144K, used 29122K [0x00000000e0000000, 0x0000000100000000)
  region size 1024K, 13 young (13312K), 13 survivors (13312K)
 Metaspace       used 35195K, committed 35520K, reserved 245760K
  class space    used 4737K, committed 4928K, reserved 212992K
}

