# JRE version: OpenJDK Runtime Environment Corretto-16.0.2.7.1 (16.0.2+7) (build 16.0.2+7)
# Java VM: OpenJDK 64-Bit Server VM Corretto-16.0.2.7.1 (16.0.2+7, mixed mode, sharing, tiered, compressed oops, compressed class ptrs, g1 gc, windows-amd64)
GC Precious Log:
 CPUs: 12 total, 12 available
 Memory: 7750M
 Large Page Support: Disabled
 NUMA Support: Disabled
 Compressed Oops: Enabled (32-bit)
 Heap Region Size: 1M
 Heap Min Capacity: 8M
 Heap Initial Capacity: 122M
 Heap Max Capacity: 1938M
 Pre-touch: Disabled
 Parallel Workers: 10
 Concurrent Workers: 3
 Concurrent Refinement Workers: 10
 Periodic GC: Disabled
Heap:
 garbage-first heap   total 124928K, used 9968K [0x0000000086e00000, 0x0000000100000000)
  region size 1024K, 1 young (1024K), 1 survivors (1024K)
 Metaspace       used 16902K, committed 17152K, reserved 1064960K
  class space    used 2173K, committed 2304K, reserved 1048576K
GC Heap History (13 events):
Event: 4.847 GC heap before
{Heap before GC invocations=0 (full 0):
 garbage-first heap   total 124928K, used 23552K [0x0000000086e00000, 0x0000000100000000)
  region size 1024K, 23 young (23552K), 0 survivors (0K)
 Metaspace       used 6695K, committed 6848K, reserved 1056768K
  class space    used 786K, committed 896K, reserved 1048576K
}
Event: 4.854 GC heap after
{Heap after GC invocations=1 (full 0):
 garbage-first heap   total 124928K, used 7097K [0x0000000086e00000, 0x0000000100000000)
  region size 1024K, 3 young (3072K), 3 survivors (3072K)
 Metaspace       used 6695K, committed 6848K, reserved 1056768K
  class space    used 786K, committed 896K, reserved 1048576K
}
Event: 5.945 GC heap before
{Heap before GC invocations=1 (full 0):
 garbage-first heap   total 124928K, used 30649K [0x0000000086e00000, 0x0000000100000000)
  region size 1024K, 26 young (26624K), 3 survivors (3072K)
 Metaspace       used 11264K, committed 11520K, reserved 1064960K
  class space    used 1477K, committed 1600K, reserved 1048576K
}
Event: 6.960 GC heap after
{Heap after GC invocations=2 (full 0):
 garbage-first heap   total 124928K, used 8692K [0x0000000086e00000, 0x0000000100000000)
  region size 1024K, 2 young (2048K), 2 survivors (2048K)
 Metaspace       used 11264K, committed 11520K, reserved 1064960K
  class space    used 1477K, committed 1600K, reserved 1048576K
}
Event: 7.039 GC heap before
{Heap before GC invocations=2 (full 0):
 garbage-first heap   total 124928K, used 11764K [0x0000000086e00000, 0x0000000100000000)
  region size 1024K, 6 young (6144K), 2 survivors (2048K)
 Metaspace       used 12162K, committed 12416K, reserved 1064960K
  class space    used 1561K, committed 1728K, reserved 1048576K
}
Event: 7.041 GC heap after
{Heap after GC invocations=3 (full 0):
 garbage-first heap   total 124928K, used 9181K [0x0000000086e00000, 0x0000000100000000)
  region size 1024K, 1 young (1024K), 1 survivors (1024K)
 Metaspace       used 12162K, committed 12416K, reserved 1064960K
  class space    used 1561K, committed 1728K, reserved 1048576K
}
Event: 8.181 GC heap before
{Heap before GC invocations=3 (full 0):
 garbage-first heap   total 124928K, used 14301K [0x0000000086e00000, 0x0000000100000000)
  region size 1024K, 6 young (6144K), 1 survivors (1024K)
 Metaspace       used 13491K, committed 13760K, reserved 1064960K
  class space    used 1734K, committed 1856K, reserved 1048576K
}
Event: 8.182 GC heap after
{Heap after GC invocations=4 (full 0):
 garbage-first heap   total 124928K, used 9388K [0x0000000086e00000, 0x0000000100000000)
  region size 1024K, 1 young (1024K), 1 survivors (1024K)
 Metaspace       used 13491K, committed 13760K, reserved 1064960K
  class space    used 1734K, committed 1856K, reserved 1048576K
}
Event: 8.273 GC heap before
{Heap before GC invocations=4 (full 0):
 garbage-first heap   total 124928K, used 13484K [0x0000000086e00000, 0x0000000100000000)
  region size 1024K, 6 young (6144K), 1 survivors (1024K)
 Metaspace       used 14847K, committed 15168K, reserved 1064960K
  class space    used 1892K, committed 2048K, reserved 1048576K
}
Event: 8.275 GC heap after
{Heap after GC invocations=5 (full 0):
 garbage-first heap   total 124928K, used 9604K [0x0000000086e00000, 0x0000000100000000)
  region size 1024K, 1 young (1024K), 1 survivors (1024K)
 Metaspace       used 14847K, committed 15168K, reserved 1064960K
  class space    used 1892K, committed 2048K, reserved 1048576K
}
Event: 8.359 GC heap before
{Heap before GC invocations=5 (full 0):
 garbage-first heap   total 124928K, used 13700K [0x0000000086e00000, 0x0000000100000000)
  region size 1024K, 6 young (6144K), 1 survivors (1024K)
 Metaspace       used 15989K, committed 16256K, reserved 1064960K
  class space    used 2041K, committed 2176K, reserved 1048576K
}
Event: 8.360 GC heap after
{Heap after GC invocations=6 (full 0):
 garbage-first heap   total 124928K, used 9771K [0x0000000086e00000, 0x0000000100000000)
  region size 1024K, 1 young (1024K), 1 survivors (1024K)
 Metaspace       used 15989K, committed 16256K, reserved 1064960K
  class space    used 2041K, committed 2176K, reserved 1048576K
}
Event: 9.477 GC heap before
{Heap before GC invocations=6 (full 0):
 garbage-first heap   total 124928K, used 13867K [0x0000000086e00000, 0x0000000100000000)
  region size 1024K, 6 young (6144K), 1 survivors (1024K)
 Metaspace       used 16902K, committed 17152K, reserved 1064960K
  class space    used 2173K, committed 2304K, reserved 1048576K
}

